2022-06-01 12:27:18 info: =================================
2022-06-01 12:27:18 info: ======= ENV: development =======
2022-06-01 12:27:18 info: 🚀 App listening on the port 3000
2022-06-01 12:27:18 info: =================================
2022-06-01 12:27:41 info: [0mGET / [32m200[0m 5.363 ms - 2[0m
2022-06-01 12:28:24 info: =================================
2022-06-01 12:28:24 info: ======= ENV: development =======
2022-06-01 12:28:24 info: 🚀 App listening on the port 3000
2022-06-01 12:28:24 info: =================================
2022-06-01 12:28:25 info: [0mGET / [36m304[0m 4.817 ms - -[0m
2022-06-01 12:28:25 error: [GET] / >> StatusCode:: 500, Message:: Cannot set headers after they are sent to the client
2022-06-01 12:28:26 info: [0mGET / [36m304[0m 1.185 ms - -[0m
2022-06-01 12:28:26 error: [GET] / >> StatusCode:: 500, Message:: Cannot set headers after they are sent to the client
2022-06-01 12:28:26 info: [0mGET / [36m304[0m 0.547 ms - -[0m
2022-06-01 12:28:26 error: [GET] / >> StatusCode:: 500, Message:: Cannot set headers after they are sent to the client
2022-06-01 12:28:26 info: [0mGET / [36m304[0m 0.496 ms - -[0m
2022-06-01 12:28:26 error: [GET] / >> StatusCode:: 500, Message:: Cannot set headers after they are sent to the client
2022-06-01 12:28:48 info: =================================
2022-06-01 12:28:48 info: ======= ENV: development =======
2022-06-01 12:28:48 info: 🚀 App listening on the port 3000
2022-06-01 12:28:48 info: =================================
2022-06-01 12:28:49 info: [0mGET / [32m200[0m 4.598 ms - 12[0m
2022-06-01 12:29:00 info: =================================
2022-06-01 12:29:00 info: ======= ENV: development =======
2022-06-01 12:29:00 info: 🚀 App listening on the port 3000
2022-06-01 12:29:00 info: =================================
2022-06-01 12:29:02 info: [0mGET / [32m200[0m 5.658 ms - 2[0m
2022-06-01 12:29:02 info: [0mGET / [36m304[0m 0.728 ms - -[0m
2022-06-01 12:29:35 info: [0mGET /users [32m200[0m 26.947 ms - 31[0m
2022-06-01 12:32:05 info: [0mGET /api-doc [33m404[0m 5.047 ms - 146[0m
2022-06-01 12:32:08 info: [0mGET /api-docs [36m301[0m 3.636 ms - 183[0m
2022-06-01 12:32:08 info: [0mGET /api-docs/ [32m200[0m 5.897 ms - -[0m
2022-06-01 12:32:08 info: [0mGET /api-docs/swagger-ui-init.js [32m200[0m 0.956 ms - -[0m
2022-06-01 12:32:08 info: [0mGET /api-docs/swagger-ui.css [32m200[0m 20.436 ms - -[0m
2022-06-01 12:32:08 info: [0mGET /api-docs/swagger-ui-standalone-preset.js [32m200[0m 9.181 ms - -[0m
2022-06-01 12:32:08 info: [0mGET /api-docs/swagger-ui-bundle.js [32m200[0m 17.117 ms - -[0m
2022-06-01 12:32:08 info: [0mGET /api-docs/favicon-32x32.png [32m200[0m 11.381 ms - 628[0m
2022-06-01 12:32:09 info: [0mGET /api-docs/favicon-32x32.png [36m304[0m 2.024 ms - -[0m
2022-06-01 12:33:12 info: [0mGET /users [36m304[0m 5.769 ms - -[0m
2022-06-01 12:34:45 error: [GET] /users/1 >> StatusCode:: 500, Message:: Cast to ObjectId failed for value "1" (type string) at path "_id" for model "User"
2022-06-01 12:34:45 info: [0mGET /users/1 [31m500[0m 28.599 ms - 102[0m
2022-06-01 18:00:22 info: =================================
2022-06-01 18:00:22 info: ======= ENV: development =======
2022-06-01 18:00:22 info: 🚀 App listening on the port 3000
2022-06-01 18:00:22 info: =================================
2022-06-01 18:00:32 info: [0mGET /api-doc [33m404[0m 7.404 ms - 146[0m
2022-06-01 18:00:34 info: [0mGET /api-docs/ [36m304[0m 4.403 ms - -[0m
2022-06-01 18:00:34 info: [0mGET /api-docs/swagger-ui.css [36m304[0m 3.598 ms - -[0m
2022-06-01 18:00:34 info: [0mGET /api-docs/swagger-ui-init.js [36m304[0m 0.568 ms - -[0m
2022-06-01 18:00:34 info: [0mGET /api-docs/swagger-ui-standalone-preset.js [36m304[0m 2.754 ms - -[0m
2022-06-01 18:00:34 info: [0mGET /api-docs/swagger-ui-bundle.js [32m200[0m 13.688 ms - -[0m
2022-06-01 18:00:34 info: [0mGET /api-docs/favicon-32x32.png [36m304[0m 1.033 ms - -[0m
2022-06-01 18:00:39 info: [0mGET /users [36m304[0m 6.528 ms - -[0m
2022-06-01 18:01:29 error: [GET] /users/1 >> StatusCode:: 500, Message:: Cast to ObjectId failed for value "1" (type string) at path "_id" for model "User"
2022-06-01 18:01:29 info: [0mGET /users/1 [31m500[0m 4.616 ms - 102[0m
